<?xml version="1.0" encoding="UTF-8"?>
<testsuite name="TestSuite" time="4.288" tests="7" errors="0" skipped="6" failures="1">
  <properties>
[...]
</properties>
  <testcase name="test01" classname="abilash.AppTest" time="0">
    <skipped/>
  </testcase>
  <testcase name="test01" classname="abilash.AppTest" time="0">
    <skipped/>
    <system-out><![CDATA[2013-12-13 17:30:50,733  INFO [main] RetryAnalyzer:24 - Retrying test01 with status 2 for the 1 of 6 times.
 ]]></system-out>
  </testcase>
  <testcase name="test01" classname="abilash.AppTest" time="0">
    <skipped/>
    <system-out><![CDATA[2013-12-13 17:30:55,358  INFO [main] RetryAnalyzer:24 - Retrying test01 with status 2 for the 2 of 6 times.
 ]]></system-out>
  </testcase>
  <testcase name="test01" classname="abilash.AppTest" time="0">
    <skipped/>
    <system-out><![CDATA[2013-12-13 17:30:59,511  INFO [main] RetryAnalyzer:24 - Retrying test01 with status 2 for the 3 of 6 times.
 ]]></system-out>
  </testcase>
  <testcase name="test01" classname="abilash.AppTest" time="0">
    <skipped/>
    <system-out><![CDATA[2013-12-13 17:31:03,211  INFO [main] RetryAnalyzer:24 - Retrying test01 with status 2 for the 4 of 6 times.
 ]]></system-out>
  </testcase>
  <testcase name="test01" classname="abilash.AppTest" time="0">
    <skipped/>
    <system-out><![CDATA[2013-12-13 17:31:07,123  INFO [main] RetryAnalyzer:24 - Retrying test01 with status 2 for the 5 of 6 times.
 ]]></system-out>
  </testcase>
  <testcase name="test01" classname="abilash.AppTest" time="4.288">
    <failure message="expected [qwerty] but found [Google.co.in offered in: Hindi Bengali Telugu Marathi Tamil Gujarati Kannada Malayalam Punjabi]" type="java.lang.AssertionError">java.lang.AssertionError: expected [qwerty] but found [Google.co.in offered in: Hindi Bengali Telugu Marathi Tamil Gujarati Kannada Malayalam Punjabi]
	at org.testng.Assert.fail(Assert.java:94)
	at org.testng.Assert.failNotEquals(Assert.java:494)
	at org.testng.Assert.assertEquals(Assert.java:123)
	at org.testng.Assert.assertEquals(Assert.java:176)
	at org.testng.Assert.assertEquals(Assert.java:186)
	at abilash.AppTest.test01(AppTest.java:36)
</failure>
    <system-out><![CDATA[2013-12-13 17:31:11,602  INFO [main] RetryAnalyzer:24 - Retrying test01 with status 2 for the 6 of 6 times.
 2013-12-13 17:31:15,825 ERROR [main] RetryTestListener:43 - Number of retries expired.
 ]]></system-out>
  </testcase>
</testsuite>