<?xml version="1.0" encoding="UTF-8"?>
<!-- Generated by org.testng.reporters.JUnitXMLReporter -->
<testsuite hostname="EXELOGICL012" name="Default test(failed)" tests="1" failures="1" timestamp="11 Dec 2013 10:52:41 GMT" time="35.013" errors="0">
  <testcase name="googleConvertor" time="10.344" classname="abilash.AppTest">
    <failure type="java.lang.AssertionError" message="expected [sdf] but found [Chemistry &amp;amp; Chemical Engineering
28]">
      <![CDATA[java.lang.AssertionError: expected [sdf] but found [Chemistry & Chemical Engineering
28]
	at abilash.AppTest.googleConvertor(AppTest.java:35)
... Removed 29 stack frames]]>
    </failure>
  </testcase> <!-- googleConvertor -->
</testsuite> <!-- Default test(failed) -->
