<?xml version="1.0" encoding="UTF-8"?>
<!-- Generated by org.testng.reporters.JUnitXMLReporter -->
<testsuite hostname="EXELOGICL012" name="Test on FF" tests="7" failures="1" timestamp="13 Dec 2013 12:01:17 GMT" time="53.025" errors="0">
  <testcase name="test01" time="5.673" classname="abilash.AppTest">
    <failure type="java.lang.AssertionError" message="expected [qwerty] but found [Google.co.in offered in: Hindi Bengali Telugu Marathi Tamil Gujarati Kannada Malayalam Punjabi]">
      <![CDATA[java.lang.AssertionError: expected [qwerty] but found [Google.co.in offered in: Hindi Bengali Telugu Marathi Tamil Gujarati Kannada Malayalam Punjabi]
	at abilash.AppTest.test01(AppTest.java:36)
... Removed 32 stack frames]]>
    </failure>
  </testcase> <!-- test01 -->
  <testcase name="test01" time="4.612" classname="abilash.AppTest">
    <failure type="java.lang.AssertionError" message="expected [qwerty] but found [Google.co.in offered in: Hindi Bengali Telugu Marathi Tamil Gujarati Kannada Malayalam Punjabi]">
      <![CDATA[java.lang.AssertionError: expected [qwerty] but found [Google.co.in offered in: Hindi Bengali Telugu Marathi Tamil Gujarati Kannada Malayalam Punjabi]
	at abilash.AppTest.test01(AppTest.java:36)
... Removed 32 stack frames]]>
    </failure>
  </testcase> <!-- test01 -->
  <testcase name="test01" time="4.138" classname="abilash.AppTest">
    <failure type="java.lang.AssertionError" message="expected [qwerty] but found [Google.co.in offered in: Hindi Bengali Telugu Marathi Tamil Gujarati Kannada Malayalam Punjabi]">
      <![CDATA[java.lang.AssertionError: expected [qwerty] but found [Google.co.in offered in: Hindi Bengali Telugu Marathi Tamil Gujarati Kannada Malayalam Punjabi]
	at abilash.AppTest.test01(AppTest.java:36)
... Removed 32 stack frames]]>
    </failure>
  </testcase> <!-- test01 -->
  <testcase name="test01" time="3.699" classname="abilash.AppTest">
    <failure type="java.lang.AssertionError" message="expected [qwerty] but found [Google.co.in offered in: Hindi Bengali Telugu Marathi Tamil Gujarati Kannada Malayalam Punjabi]">
      <![CDATA[java.lang.AssertionError: expected [qwerty] but found [Google.co.in offered in: Hindi Bengali Telugu Marathi Tamil Gujarati Kannada Malayalam Punjabi]
	at abilash.AppTest.test01(AppTest.java:36)
... Removed 32 stack frames]]>
    </failure>
  </testcase> <!-- test01 -->
  <testcase name="test01" time="3.91" classname="abilash.AppTest">
    <failure type="java.lang.AssertionError" message="expected [qwerty] but found [Google.co.in offered in: Hindi Bengali Telugu Marathi Tamil Gujarati Kannada Malayalam Punjabi]">
      <![CDATA[java.lang.AssertionError: expected [qwerty] but found [Google.co.in offered in: Hindi Bengali Telugu Marathi Tamil Gujarati Kannada Malayalam Punjabi]
	at abilash.AppTest.test01(AppTest.java:36)
... Removed 32 stack frames]]>
    </failure>
  </testcase> <!-- test01 -->
  <testcase name="test01" time="4.476" classname="abilash.AppTest">
    <failure type="java.lang.AssertionError" message="expected [qwerty] but found [Google.co.in offered in: Hindi Bengali Telugu Marathi Tamil Gujarati Kannada Malayalam Punjabi]">
      <![CDATA[java.lang.AssertionError: expected [qwerty] but found [Google.co.in offered in: Hindi Bengali Telugu Marathi Tamil Gujarati Kannada Malayalam Punjabi]
	at abilash.AppTest.test01(AppTest.java:36)
... Removed 32 stack frames]]>
    </failure>
  </testcase> <!-- test01 -->
  <testcase name="test01" time="4.222" classname="abilash.AppTest">
    <failure type="java.lang.AssertionError" message="expected [qwerty] but found [Google.co.in offered in: Hindi Bengali Telugu Marathi Tamil Gujarati Kannada Malayalam Punjabi]">
      <![CDATA[java.lang.AssertionError: expected [qwerty] but found [Google.co.in offered in: Hindi Bengali Telugu Marathi Tamil Gujarati Kannada Malayalam Punjabi]
	at abilash.AppTest.test01(AppTest.java:36)
... Removed 32 stack frames]]>
    </failure>
  </testcase> <!-- test01 -->
</testsuite> <!-- Test on FF -->
